<?xml version="1.0" encoding="UTF-8"?>
<!-- Generated by org.testng.reporters.JUnitXMLReporter -->
<testsuite hostname="HDC3-L-5296TDX" name="Dow_com_Homepage" tests="1" failures="0" timestamp="18 Mar 2018 17:47:04 GMT" time="3.136" errors="0">
  <testcase name="@BeforeMethod launchBrowser" time="0.0" classname="IDC_DOW.Testing.SmokeTesting">
    <failure type="java.lang.AssertionError" message="Failed to Initialize/Launch Browser">
      <![CDATA[java.lang.AssertionError: Failed to Initialize/Launch Browser
	at IDC_DOW.Testing.Generic_Library.launchBrowser(Generic_Library.java:108)
	at org.apache.maven.surefire.testng.TestNGExecutor.run(TestNGExecutor.java:293)
	at org.apache.maven.surefire.testng.TestNGXmlTestSuite.execute(TestNGXmlTestSuite.java:84)
	at org.apache.maven.surefire.testng.TestNGProvider.invoke(TestNGProvider.java:91)
	at org.apache.maven.surefire.booter.ForkedBooter.invokeProviderInSameClassLoader(ForkedBooter.java:200)
	at org.apache.maven.surefire.booter.ForkedBooter.runSuitesInProcess(ForkedBooter.java:153)
	at org.apache.maven.surefire.booter.ForkedBooter.main(ForkedBooter.java:103)
... Removed 23 stack frames]]>
    </failure>
  </testcase> <!-- @BeforeMethod launchBrowser -->
  <testcase name="@AfterMethod afterMethodConfig" time="0.0" classname="IDC_DOW.Testing.SmokeTesting">
    <skipped/>
  </testcase> <!-- @AfterMethod afterMethodConfig -->
  <testcase name="@AfterTest endReport" time="0.0" classname="IDC_DOW.Testing.SmokeTesting">
    <skipped/>
  </testcase> <!-- @AfterTest endReport -->
  <testcase name="Language_Change" time="0.0" classname="IDC_DOW.Testing.SmokeTesting">
    <skipped/>
  </testcase> <!-- Language_Change -->
</testsuite> <!-- Dow_com_Homepage -->
